2019-02-06 14:08:40,139 Split 1	 - (14:08:40)
2019-02-06 14:09:57,811 	(14:09:57)
2019-02-06 14:09:59,223 | split   1 / 24 |   100/112221 batches | ms/batch 14.01 | loss  3.32 | ppl    27.55
2019-02-06 14:10:00,645 | split   1 / 24 |   200/112221 batches | ms/batch 14.17 | loss  2.64 | ppl    14.01
2019-02-06 14:10:02,142 | split   1 / 24 |   300/112221 batches | ms/batch 14.96 | loss  2.48 | ppl    11.96
2019-02-06 14:10:03,464 | split   1 / 24 |   400/112221 batches | ms/batch 13.19 | loss  2.54 | ppl    12.64
2019-02-06 14:10:04,772 | split   1 / 24 |   500/112221 batches | ms/batch 13.06 | loss  2.50 | ppl    12.19
2019-02-06 14:10:06,077 | split   1 / 24 |   600/112221 batches | ms/batch 13.04 | loss  2.48 | ppl    11.92
2019-02-06 14:10:07,393 | split   1 / 24 |   700/112221 batches | ms/batch 13.14 | loss  2.47 | ppl    11.85
2019-02-06 14:10:08,719 | split   1 / 24 |   800/112221 batches | ms/batch 13.24 | loss  2.42 | ppl    11.22
2019-02-06 14:10:10,024 | split   1 / 24 |   900/112221 batches | ms/batch 13.04 | loss  2.40 | ppl    10.97
2019-02-06 14:10:11,332 | split   1 / 24 |  1000/112221 batches | ms/batch 13.06 | loss  2.44 | ppl    11.44
2019-02-06 14:10:12,651 | split   1 / 24 |  1100/112221 batches | ms/batch 13.18 | loss  2.39 | ppl    10.96
2019-02-06 14:10:13,961 | split   1 / 24 |  1200/112221 batches | ms/batch 13.08 | loss  2.39 | ppl    10.87
2019-02-06 14:10:15,289 | split   1 / 24 |  1300/112221 batches | ms/batch 13.26 | loss  2.41 | ppl    11.16
2019-02-06 14:10:16,606 | split   1 / 24 |  1400/112221 batches | ms/batch 13.16 | loss  2.41 | ppl    11.12
2019-02-06 14:10:17,949 | split   1 / 24 |  1500/112221 batches | ms/batch 13.40 | loss  2.35 | ppl    10.51
2019-02-06 14:10:19,291 | split   1 / 24 |  1600/112221 batches | ms/batch 13.41 | loss  2.44 | ppl    11.49
2019-02-06 14:10:20,598 | split   1 / 24 |  1700/112221 batches | ms/batch 13.05 | loss  2.41 | ppl    11.11
2019-02-06 14:10:21,924 | split   1 / 24 |  1800/112221 batches | ms/batch 13.23 | loss  2.37 | ppl    10.74
2019-02-06 14:10:23,231 | split   1 / 24 |  1900/112221 batches | ms/batch 13.06 | loss  2.34 | ppl    10.36
2019-02-06 14:10:24,544 | split   1 / 24 |  2000/112221 batches | ms/batch 13.11 | loss  2.38 | ppl    10.76
2019-02-06 14:10:25,844 | split   1 / 24 |  2100/112221 batches | ms/batch 12.98 | loss  2.34 | ppl    10.35
2019-02-06 14:10:27,145 | split   1 / 24 |  2200/112221 batches | ms/batch 12.99 | loss  2.36 | ppl    10.55
2019-02-06 14:10:28,461 | split   1 / 24 |  2300/112221 batches | ms/batch 13.14 | loss  2.41 | ppl    11.19
2019-02-06 14:10:29,782 | split   1 / 24 |  2400/112221 batches | ms/batch 13.10 | loss  2.40 | ppl    11.00
2019-02-06 14:10:31,103 | split   1 / 24 |  2500/112221 batches | ms/batch 13.19 | loss  2.36 | ppl    10.64
2019-02-06 14:10:32,426 | split   1 / 24 |  2600/112221 batches | ms/batch 13.21 | loss  2.36 | ppl    10.54
2019-02-06 14:10:33,740 | split   1 / 24 |  2700/112221 batches | ms/batch 13.12 | loss  2.35 | ppl    10.46
2019-02-06 14:10:35,042 | split   1 / 24 |  2800/112221 batches | ms/batch 13.00 | loss  2.35 | ppl    10.52
2019-02-06 14:10:36,354 | split   1 / 24 |  2900/112221 batches | ms/batch 13.11 | loss  2.36 | ppl    10.56
2019-02-06 14:10:37,658 | split   1 / 24 |  3000/112221 batches | ms/batch 13.01 | loss  2.36 | ppl    10.63
2019-02-06 14:10:39,021 | split   1 / 24 |  3100/112221 batches | ms/batch 13.61 | loss  2.36 | ppl    10.63
2019-02-06 14:10:40,341 | split   1 / 24 |  3200/112221 batches | ms/batch 13.19 | loss  2.37 | ppl    10.71
2019-02-06 14:10:41,687 | split   1 / 24 |  3300/112221 batches | ms/batch 13.44 | loss  2.38 | ppl    10.76
2019-02-06 14:10:43,021 | split   1 / 24 |  3400/112221 batches | ms/batch 13.33 | loss  2.36 | ppl    10.56
2019-02-06 14:10:44,337 | split   1 / 24 |  3500/112221 batches | ms/batch 13.14 | loss  2.37 | ppl    10.67
2019-02-06 14:10:45,660 | split   1 / 24 |  3600/112221 batches | ms/batch 13.21 | loss  2.37 | ppl    10.70
2019-02-06 14:10:46,988 | split   1 / 24 |  3700/112221 batches | ms/batch 13.26 | loss  2.38 | ppl    10.75
2019-02-06 14:10:48,283 | split   1 / 24 |  3800/112221 batches | ms/batch 12.93 | loss  2.39 | ppl    10.94
2019-02-06 14:10:49,611 | split   1 / 24 |  3900/112221 batches | ms/batch 13.26 | loss  2.45 | ppl    11.56
2019-02-06 14:10:50,919 | split   1 / 24 |  4000/112221 batches | ms/batch 13.06 | loss  2.40 | ppl    11.00
2019-02-06 14:10:52,267 | split   1 / 24 |  4100/112221 batches | ms/batch 13.47 | loss  2.42 | ppl    11.20
2019-02-06 14:10:53,586 | split   1 / 24 |  4200/112221 batches | ms/batch 13.16 | loss  2.44 | ppl    11.44
2019-02-06 14:10:54,919 | split   1 / 24 |  4300/112221 batches | ms/batch 13.31 | loss  2.36 | ppl    10.56
2019-02-06 14:10:56,453 | split   1 / 24 |  4400/112221 batches | ms/batch 15.32 | loss  2.34 | ppl    10.36
2019-02-06 14:10:58,488 | split   1 / 24 |  4500/112221 batches | ms/batch 20.32 | loss  2.41 | ppl    11.15
2019-02-06 14:11:00,131 | split   1 / 24 |  4600/112221 batches | ms/batch 16.40 | loss  2.42 | ppl    11.25
2019-02-06 14:11:01,720 | split   1 / 24 |  4700/112221 batches | ms/batch 15.87 | loss  2.43 | ppl    11.31
2019-02-06 14:11:03,278 | split   1 / 24 |  4800/112221 batches | ms/batch 15.54 | loss  2.38 | ppl    10.81
2019-02-06 14:11:04,923 | split   1 / 24 |  4900/112221 batches | ms/batch 16.44 | loss  2.39 | ppl    10.86
2019-02-06 14:11:06,492 | split   1 / 24 |  5000/112221 batches | ms/batch 15.67 | loss  2.42 | ppl    11.24
2019-02-06 14:11:08,349 | split   1 / 24 |  5100/112221 batches | ms/batch 18.55 | loss  2.45 | ppl    11.53
2019-02-06 14:11:09,920 | split   1 / 24 |  5200/112221 batches | ms/batch 15.69 | loss  2.41 | ppl    11.17
2019-02-06 14:11:11,328 | split   1 / 24 |  5300/112221 batches | ms/batch 14.07 | loss  2.41 | ppl    11.13
2019-02-06 14:11:12,669 | split   1 / 24 |  5400/112221 batches | ms/batch 13.39 | loss  2.45 | ppl    11.57
2019-02-06 14:11:14,096 | split   1 / 24 |  5500/112221 batches | ms/batch 14.24 | loss  2.38 | ppl    10.86
2019-02-06 14:11:15,482 | split   1 / 24 |  5600/112221 batches | ms/batch 13.83 | loss  2.41 | ppl    11.17
2019-02-06 14:11:16,841 | split   1 / 24 |  5700/112221 batches | ms/batch 13.58 | loss  2.43 | ppl    11.38
2019-02-06 14:11:18,364 | split   1 / 24 |  5800/112221 batches | ms/batch 15.21 | loss  2.41 | ppl    11.12
2019-02-06 14:11:19,872 | split   1 / 24 |  5900/112221 batches | ms/batch 15.04 | loss  2.44 | ppl    11.51
2019-02-06 14:11:21,243 | split   1 / 24 |  6000/112221 batches | ms/batch 13.69 | loss  2.43 | ppl    11.34
2019-02-06 14:11:22,550 | split   1 / 24 |  6100/112221 batches | ms/batch 13.05 | loss  2.49 | ppl    12.01
2019-02-06 14:11:24,001 | split   1 / 24 |  6200/112221 batches | ms/batch 14.49 | loss  2.41 | ppl    11.11
2019-02-06 14:11:25,626 | split   1 / 24 |  6300/112221 batches | ms/batch 16.23 | loss  2.43 | ppl    11.34
2019-02-06 14:11:27,338 | split   1 / 24 |  6400/112221 batches | ms/batch 17.09 | loss  2.46 | ppl    11.70
2019-02-06 14:11:28,891 | split   1 / 24 |  6500/112221 batches | ms/batch 15.51 | loss  2.42 | ppl    11.24
2019-02-06 14:11:30,293 | split   1 / 24 |  6600/112221 batches | ms/batch 14.00 | loss  2.42 | ppl    11.28
2019-02-06 14:11:31,644 | split   1 / 24 |  6700/112221 batches | ms/batch 13.50 | loss  2.42 | ppl    11.28
2019-02-06 14:11:33,078 | split   1 / 24 |  6800/112221 batches | ms/batch 14.32 | loss  2.41 | ppl    11.18
2019-02-06 14:11:34,570 | split   1 / 24 |  6900/112221 batches | ms/batch 14.90 | loss  2.43 | ppl    11.37
2019-02-06 14:11:35,963 | split   1 / 24 |  7000/112221 batches | ms/batch 13.91 | loss  2.41 | ppl    11.11
2019-02-06 14:11:37,298 | split   1 / 24 |  7100/112221 batches | ms/batch 13.34 | loss  2.40 | ppl    11.03
2019-02-06 14:11:38,670 | split   1 / 24 |  7200/112221 batches | ms/batch 13.70 | loss  2.43 | ppl    11.31
2019-02-06 14:11:40,123 | split   1 / 24 |  7300/112221 batches | ms/batch 14.52 | loss  2.46 | ppl    11.75
2019-02-06 14:11:41,510 | split   1 / 24 |  7400/112221 batches | ms/batch 13.85 | loss  2.41 | ppl    11.08
2019-02-06 14:11:42,913 | split   1 / 24 |  7500/112221 batches | ms/batch 14.01 | loss  2.44 | ppl    11.44
2019-02-06 14:11:44,266 | split   1 / 24 |  7600/112221 batches | ms/batch 13.51 | loss  2.43 | ppl    11.32
2019-02-06 14:11:45,652 | split   1 / 24 |  7700/112221 batches | ms/batch 13.85 | loss  2.36 | ppl    10.64
2019-02-06 14:11:47,098 | split   1 / 24 |  7800/112221 batches | ms/batch 14.43 | loss  2.41 | ppl    11.17
2019-02-06 14:11:48,588 | split   1 / 24 |  7900/112221 batches | ms/batch 14.88 | loss  2.43 | ppl    11.41
2019-02-06 14:11:50,086 | split   1 / 24 |  8000/112221 batches | ms/batch 14.96 | loss  2.42 | ppl    11.24
2019-02-06 14:11:51,586 | split   1 / 24 |  8100/112221 batches | ms/batch 14.99 | loss  2.42 | ppl    11.20
2019-02-06 14:11:53,132 | split   1 / 24 |  8200/112221 batches | ms/batch 15.44 | loss  2.40 | ppl    11.05
2019-02-06 14:11:54,725 | split   1 / 24 |  8300/112221 batches | ms/batch 15.92 | loss  2.40 | ppl    10.99
2019-02-06 14:11:56,493 | split   1 / 24 |  8400/112221 batches | ms/batch 17.66 | loss  2.44 | ppl    11.43
2019-02-06 14:11:58,190 | split   1 / 24 |  8500/112221 batches | ms/batch 16.95 | loss  2.46 | ppl    11.73
2019-02-06 14:11:59,872 | split   1 / 24 |  8600/112221 batches | ms/batch 16.70 | loss  2.46 | ppl    11.73
2019-02-06 14:12:01,608 | split   1 / 24 |  8700/112221 batches | ms/batch 17.34 | loss  2.43 | ppl    11.32
2019-02-06 14:12:03,318 | split   1 / 24 |  8800/112221 batches | ms/batch 17.08 | loss  2.43 | ppl    11.35
2019-02-06 14:12:05,116 | split   1 / 24 |  8900/112221 batches | ms/batch 17.96 | loss  2.51 | ppl    12.25
2019-02-06 14:12:06,906 | split   1 / 24 |  9000/112221 batches | ms/batch 17.88 | loss  2.55 | ppl    12.79
2019-02-06 14:12:08,883 | split   1 / 24 |  9100/112221 batches | ms/batch 19.75 | loss  2.45 | ppl    11.54
2019-02-06 14:12:10,913 | split   1 / 24 |  9200/112221 batches | ms/batch 20.28 | loss  2.46 | ppl    11.72
2019-02-06 14:12:13,001 | split   1 / 24 |  9300/112221 batches | ms/batch 20.86 | loss  2.47 | ppl    11.81
2019-02-06 14:12:15,289 | split   1 / 24 |  9400/112221 batches | ms/batch 22.86 | loss  2.43 | ppl    11.39
2019-02-06 14:12:17,493 | split   1 / 24 |  9500/112221 batches | ms/batch 22.02 | loss  2.44 | ppl    11.43
2019-02-06 14:12:19,780 | split   1 / 24 |  9600/112221 batches | ms/batch 22.85 | loss  2.48 | ppl    12.00
2019-02-06 14:12:22,058 | split   1 / 24 |  9700/112221 batches | ms/batch 22.77 | loss  2.49 | ppl    12.02
2019-02-06 14:12:24,677 | split   1 / 24 |  9800/112221 batches | ms/batch 26.17 | loss  2.45 | ppl    11.59
2019-02-06 14:12:27,286 | split   1 / 24 |  9900/112221 batches | ms/batch 26.07 | loss  2.49 | ppl    12.04
2019-02-06 14:12:30,289 | split   1 / 24 | 10000/112221 batches | ms/batch 30.02 | loss  2.49 | ppl    12.05
2019-02-06 14:12:33,265 | split   1 / 24 | 10100/112221 batches | ms/batch 29.74 | loss  2.47 | ppl    11.86
2019-02-06 14:12:36,305 | split   1 / 24 | 10200/112221 batches | ms/batch 30.38 | loss  2.49 | ppl    12.07
2019-02-06 14:12:39,570 | split   1 / 24 | 10300/112221 batches | ms/batch 32.63 | loss  2.49 | ppl    12.07
2019-02-06 14:12:42,925 | split   1 / 24 | 10400/112221 batches | ms/batch 33.53 | loss  2.45 | ppl    11.59
2019-02-06 14:12:46,264 | split   1 / 24 | 10500/112221 batches | ms/batch 33.37 | loss  2.44 | ppl    11.48
2019-02-06 14:12:49,762 | split   1 / 24 | 10600/112221 batches | ms/batch 34.97 | loss  2.49 | ppl    12.07
2019-02-06 14:12:53,143 | split   1 / 24 | 10700/112221 batches | ms/batch 33.79 | loss  2.49 | ppl    12.09
2019-02-06 14:12:57,022 | split   1 / 24 | 10800/112221 batches | ms/batch 38.76 | loss  2.43 | ppl    11.34
2019-02-06 14:13:01,132 | split   1 / 24 | 10900/112221 batches | ms/batch 41.08 | loss  2.47 | ppl    11.78
2019-02-06 14:13:05,200 | split   1 / 24 | 11000/112221 batches | ms/batch 40.67 | loss  2.52 | ppl    12.39
2019-02-06 14:13:09,324 | split   1 / 24 | 11100/112221 batches | ms/batch 41.22 | loss  2.49 | ppl    12.08
2019-02-06 14:13:13,595 | split   1 / 24 | 11200/112221 batches | ms/batch 42.69 | loss  2.51 | ppl    12.25
2019-02-06 14:13:18,032 | split   1 / 24 | 11300/112221 batches | ms/batch 44.35 | loss  2.45 | ppl    11.60
2019-02-06 14:13:22,794 | split   1 / 24 | 11400/112221 batches | ms/batch 47.61 | loss  2.45 | ppl    11.59
2019-02-06 14:13:27,754 | split   1 / 24 | 11500/112221 batches | ms/batch 49.58 | loss  2.49 | ppl    12.05
2019-02-06 14:13:32,392 | split   1 / 24 | 11600/112221 batches | ms/batch 46.25 | loss  2.52 | ppl    12.38
2019-02-06 14:13:37,613 | split   1 / 24 | 11700/112221 batches | ms/batch 52.20 | loss  2.46 | ppl    11.70
2019-02-06 14:13:42,758 | split   1 / 24 | 11800/112221 batches | ms/batch 51.43 | loss  2.47 | ppl    11.79
2019-02-06 14:13:48,093 | split   1 / 24 | 11900/112221 batches | ms/batch 53.33 | loss  2.50 | ppl    12.16
2019-02-06 14:13:53,413 | split   1 / 24 | 12000/112221 batches | ms/batch 53.18 | loss  2.48 | ppl    11.95
2019-02-06 14:13:58,643 | split   1 / 24 | 12100/112221 batches | ms/batch 52.29 | loss  2.50 | ppl    12.18
2019-02-06 14:14:04,414 | split   1 / 24 | 12200/112221 batches | ms/batch 57.59 | loss  2.48 | ppl    11.98
2019-02-06 14:14:10,932 | split   1 / 24 | 12300/112221 batches | ms/batch 65.16 | loss  2.50 | ppl    12.13
2019-02-06 14:14:17,749 | split   1 / 24 | 12400/112221 batches | ms/batch 68.14 | loss  2.44 | ppl    11.47
2019-02-06 14:14:25,074 | split   1 / 24 | 12500/112221 batches | ms/batch 73.23 | loss  2.50 | ppl    12.17
2019-02-06 14:14:32,955 | split   1 / 24 | 12600/112221 batches | ms/batch 78.79 | loss  2.50 | ppl    12.15
2019-02-06 14:14:40,142 | split   1 / 24 | 12700/112221 batches | ms/batch 71.85 | loss  2.48 | ppl    11.91
2019-02-06 14:14:48,376 | split   1 / 24 | 12800/112221 batches | ms/batch 82.32 | loss  2.54 | ppl    12.67
2019-02-06 14:14:57,304 | split   1 / 24 | 12900/112221 batches | ms/batch 89.25 | loss  2.49 | ppl    12.08
2019-02-06 14:15:06,249 | split   1 / 24 | 13000/112221 batches | ms/batch 89.43 | loss  2.49 | ppl    12.06
2019-02-06 14:15:16,599 | split   1 / 24 | 13100/112221 batches | ms/batch 103.48 | loss  2.47 | ppl    11.76
2019-02-06 14:15:18,998 -----------------------------------------------------------------------------------------
2019-02-06 14:15:19,000 Exiting from training early
